<?xml version="1.0" encoding="UTF-8"?>
<!-- Generated by org.testng.reporters.JUnitXMLReporter -->
<testsuite ignored="0" hostname="PEEYUSHs-MacBook-Air.local" failures="0" tests="2" name="Error Validation Test" time="9.163" errors="0" timestamp="2025-02-18T12:23:51 IST">
  <testcase classname="PeeyushMishra.tests.ErrorValidationTest" name="LoginErrorValidation" time="0.82"/>
  <testcase classname="PeeyushMishra.tests.ErrorValidationTest" name="ProductErrorValidation" time="1.796"/>
</testsuite> <!-- Error Validation Test -->
