<?xml version="1.0" encoding="UTF-8"?>
<!-- Generated by org.testng.reporters.JUnitXMLReporter -->
<testsuite ignored="0" hostname="PEEYUSHs-MacBook-Air.local" failures="0" tests="2" name="Submit Order Test" time="11.461" errors="0" timestamp="2025-02-18T12:23:54 IST">
  <testcase classname="PeeyushMishra.tests.SubmitOrderTest" name="SubmitOrder" time="6.282"/>
  <testcase classname="PeeyushMishra.tests.SubmitOrderTest" name="OrderHistoryTest" time="0.471"/>
</testsuite> <!-- Submit Order Test -->
