<?xml version="1.0" encoding="UTF-8"?>
<testng-results ignored="0" total="4" passed="4" failed="0" skipped="0">
  <reporter-output>
  </reporter-output>
  <suite started-at="2025-02-18T12:23:37 IST" name="Suite" finished-at="2025-02-18T12:23:49 IST" duration-ms="11461">
    <groups>
    </groups>
    <test started-at="2025-02-18T12:23:37 IST" name="Error Validation Test" finished-at="2025-02-18T12:23:46 IST" duration-ms="9163">
      <class name="PeeyushMishra.tests.ErrorValidationTest">
        <test-method is-config="true" signature="launchApplication()[pri:0, instance:PeeyushMishra.tests.ErrorValidationTest@55141def]" started-at="2025-02-18T12:23:37 IST" name="launchApplication" finished-at="2025-02-18T12:23:41 IST" duration-ms="3993" status="PASS">
          <reporter-output>
          </reporter-output>
        </test-method> <!-- launchApplication -->
        <test-method signature="LoginErrorValidation()[pri:0, instance:PeeyushMishra.tests.ErrorValidationTest@55141def]" started-at="2025-02-18T12:23:41 IST" name="LoginErrorValidation" finished-at="2025-02-18T12:23:42 IST" duration-ms="820" status="PASS">
          <reporter-output>
          </reporter-output>
        </test-method> <!-- LoginErrorValidation -->
        <test-method is-config="true" signature="teardown()[pri:0, instance:PeeyushMishra.tests.ErrorValidationTest@55141def]" started-at="2025-02-18T12:23:42 IST" name="teardown" finished-at="2025-02-18T12:23:42 IST" duration-ms="125" status="PASS">
          <reporter-output>
          </reporter-output>
        </test-method> <!-- teardown -->
        <test-method is-config="true" signature="launchApplication()[pri:0, instance:PeeyushMishra.tests.ErrorValidationTest@55141def]" started-at="2025-02-18T12:23:42 IST" name="launchApplication" finished-at="2025-02-18T12:23:45 IST" duration-ms="2343" status="PASS">
          <reporter-output>
          </reporter-output>
        </test-method> <!-- launchApplication -->
        <test-method signature="ProductErrorValidation()[pri:0, instance:PeeyushMishra.tests.ErrorValidationTest@55141def]" started-at="2025-02-18T12:23:45 IST" name="ProductErrorValidation" finished-at="2025-02-18T12:23:46 IST" duration-ms="1796" status="PASS">
          <reporter-output>
          </reporter-output>
        </test-method> <!-- ProductErrorValidation -->
        <test-method is-config="true" signature="teardown()[pri:0, instance:PeeyushMishra.tests.ErrorValidationTest@55141def]" started-at="2025-02-18T12:23:46 IST" name="teardown" finished-at="2025-02-18T12:23:46 IST" duration-ms="65" status="PASS">
          <reporter-output>
          </reporter-output>
        </test-method> <!-- teardown -->
      </class> <!-- PeeyushMishra.tests.ErrorValidationTest -->
    </test> <!-- Error Validation Test -->
    <test started-at="2025-02-18T12:23:37 IST" name="Submit Order Test" finished-at="2025-02-18T12:23:49 IST" duration-ms="11461">
      <class name="PeeyushMishra.tests.SubmitOrderTest">
        <test-method is-config="true" signature="launchApplication()[pri:0, instance:PeeyushMishra.tests.SubmitOrderTest@52e6fdee]" started-at="2025-02-18T12:23:37 IST" name="launchApplication" finished-at="2025-02-18T12:23:40 IST" duration-ms="3086" status="PASS">
          <reporter-output>
          </reporter-output>
        </test-method> <!-- launchApplication -->
        <test-method signature="SubmitOrder()[pri:0, instance:PeeyushMishra.tests.SubmitOrderTest@52e6fdee]" started-at="2025-02-18T12:23:40 IST" name="SubmitOrder" finished-at="2025-02-18T12:23:47 IST" duration-ms="6282" status="PASS">
          <reporter-output>
          </reporter-output>
        </test-method> <!-- SubmitOrder -->
        <test-method is-config="true" signature="teardown()[pri:0, instance:PeeyushMishra.tests.SubmitOrderTest@52e6fdee]" started-at="2025-02-18T12:23:47 IST" name="teardown" finished-at="2025-02-18T12:23:47 IST" duration-ms="116" status="PASS">
          <reporter-output>
          </reporter-output>
        </test-method> <!-- teardown -->
        <test-method is-config="true" signature="launchApplication()[pri:0, instance:PeeyushMishra.tests.SubmitOrderTest@52e6fdee]" started-at="2025-02-18T12:23:47 IST" name="launchApplication" finished-at="2025-02-18T12:23:48 IST" duration-ms="1427" status="PASS">
          <reporter-output>
          </reporter-output>
        </test-method> <!-- launchApplication -->
        <test-method signature="OrderHistoryTest()[pri:0, instance:PeeyushMishra.tests.SubmitOrderTest@52e6fdee]" started-at="2025-02-18T12:23:48 IST" name="OrderHistoryTest" finished-at="2025-02-18T12:23:49 IST" depends-on-methods="PeeyushMishra.tests.SubmitOrderTest.SubmitOrder" duration-ms="471" status="PASS">
          <reporter-output>
          </reporter-output>
        </test-method> <!-- OrderHistoryTest -->
        <test-method is-config="true" signature="teardown()[pri:0, instance:PeeyushMishra.tests.SubmitOrderTest@52e6fdee]" started-at="2025-02-18T12:23:49 IST" name="teardown" finished-at="2025-02-18T12:23:49 IST" duration-ms="59" status="PASS">
          <reporter-output>
          </reporter-output>
        </test-method> <!-- teardown -->
      </class> <!-- PeeyushMishra.tests.SubmitOrderTest -->
    </test> <!-- Submit Order Test -->
  </suite> <!-- Suite -->
</testng-results>
